<?xml version="1.0" encoding="UTF-8"?>
<testng-results ignored="0" total="10" passed="10" failed="0" skipped="0">
  <reporter-output>
    <line>
      <![CDATA[this is for performing click on Create New Account]]>
    </line>
  </reporter-output>
  <suite started-at="2023-09-10T19:23:14 IST" name="Default suite" finished-at="2023-09-10T19:23:25 IST" duration-ms="11091">
    <groups>
    </groups>
    <test started-at="2023-09-10T19:23:14 IST" name="Default test" finished-at="2023-09-10T19:23:25 IST" duration-ms="11091">
      <class name="Testcases.SignupTestcases">
        <test-method is-config="true" signature="Suit1()[pri:0, instance:Testcases.SignupTestcases@34f5090e]" started-at="2023-09-10T19:23:14 IST" name="Suit1" finished-at="2023-09-10T19:23:14 IST" duration-ms="14" status="PASS">
          <reporter-output>
          </reporter-output>
        </test-method> <!-- Suit1 -->
        <test-method is-config="true" signature="driverInitialization()[pri:0, instance:Testcases.SignupTestcases@34f5090e]" started-at="2023-09-10T19:23:14 IST" name="driverInitialization" finished-at="2023-09-10T19:23:22 IST" duration-ms="7176" status="PASS">
          <reporter-output>
          </reporter-output>
        </test-method> <!-- driverInitialization -->
        <test-method signature="ClickonNewAccount()[pri:1, instance:Testcases.SignupTestcases@34f5090e]" started-at="2023-09-10T19:23:22 IST" name="ClickonNewAccount" finished-at="2023-09-10T19:23:22 IST" duration-ms="248" status="PASS">
          <reporter-output>
            <line>
              <![CDATA[this is for performing click on Create New Account]]>
            </line>
          </reporter-output>
        </test-method> <!-- ClickonNewAccount -->
        <test-method signature="FirstName()[pri:2, instance:Testcases.SignupTestcases@34f5090e]" started-at="2023-09-10T19:23:22 IST" name="FirstName" finished-at="2023-09-10T19:23:23 IST" duration-ms="1268" status="PASS">
          <reporter-output>
          </reporter-output>
        </test-method> <!-- FirstName -->
        <test-method signature="LastName()[pri:3, instance:Testcases.SignupTestcases@34f5090e]" started-at="2023-09-10T19:23:23 IST" name="LastName" finished-at="2023-09-10T19:23:23 IST" duration-ms="173" status="PASS">
          <reporter-output>
          </reporter-output>
        </test-method> <!-- LastName -->
        <test-method signature="EmailAddress()[pri:4, instance:Testcases.SignupTestcases@34f5090e]" started-at="2023-09-10T19:23:23 IST" name="EmailAddress" finished-at="2023-09-10T19:23:24 IST" duration-ms="220" status="PASS">
          <reporter-output>
          </reporter-output>
        </test-method> <!-- EmailAddress -->
        <test-method signature="Passwords()[pri:5, instance:Testcases.SignupTestcases@34f5090e]" started-at="2023-09-10T19:23:24 IST" name="Passwords" finished-at="2023-09-10T19:23:24 IST" duration-ms="188" status="PASS">
          <reporter-output>
          </reporter-output>
        </test-method> <!-- Passwords -->
        <test-method signature="SelectDay()[pri:6, instance:Testcases.SignupTestcases@34f5090e]" started-at="2023-09-10T19:23:24 IST" name="SelectDay" finished-at="2023-09-10T19:23:24 IST" duration-ms="300" status="PASS">
          <reporter-output>
          </reporter-output>
        </test-method> <!-- SelectDay -->
        <test-method signature="SelectMonth()[pri:7, instance:Testcases.SignupTestcases@34f5090e]" started-at="2023-09-10T19:23:24 IST" name="SelectMonth" finished-at="2023-09-10T19:23:24 IST" duration-ms="249" status="PASS">
          <reporter-output>
          </reporter-output>
        </test-method> <!-- SelectMonth -->
        <test-method signature="SelectYear()[pri:8, instance:Testcases.SignupTestcases@34f5090e]" started-at="2023-09-10T19:23:24 IST" name="SelectYear" finished-at="2023-09-10T19:23:25 IST" duration-ms="911" status="PASS">
          <reporter-output>
          </reporter-output>
        </test-method> <!-- SelectYear -->
        <test-method signature="ClickOnMaleButton()[pri:9, instance:Testcases.SignupTestcases@34f5090e]" started-at="2023-09-10T19:23:25 IST" name="ClickOnMaleButton" finished-at="2023-09-10T19:23:25 IST" duration-ms="113" status="PASS">
          <reporter-output>
          </reporter-output>
        </test-method> <!-- ClickOnMaleButton -->
        <test-method signature="CLickOnSignUpButton()[pri:10, instance:Testcases.SignupTestcases@34f5090e]" started-at="2023-09-10T19:23:25 IST" name="CLickOnSignUpButton" finished-at="2023-09-10T19:23:25 IST" duration-ms="138" status="PASS">
          <reporter-output>
          </reporter-output>
        </test-method> <!-- CLickOnSignUpButton -->
      </class> <!-- Testcases.SignupTestcases -->
    </test> <!-- Default test -->
  </suite> <!-- Default suite -->
</testng-results>
