<?xml version="1.0" encoding="UTF-8"?>
<!-- Generated by org.testng.reporters.JUnitXMLReporter -->
<testsuite ignored="4" hostname="LAPTOP-2O0EF0F7" failures="1" tests="5" name="Default test" time="26.231" errors="0" timestamp="2023-09-12T15:08:24 IST">
  <testcase classname="Testcases.FBLoginOrSignupTestcase" name="EmailAddresstoLoginField" time="0.499"/>
  <testcase classname="Testcases.FBLoginOrSignupTestcase" name="ClickOnMoreLanguageButton" time="0.361"/>
  <testcase classname="Testcases.FBLoginOrSignupTestcase" name="ClickOnCloseButton" time="1.761"/>
  <testcase classname="Testcases.FBCareerTestcases" name="ClickonCareer" time="11.758"/>
  <testcase classname="Testcases.FBCareerTestcases" name="CountTotalHeaderLinks" time="0.967">
    <failure type="java.lang.IndexOutOfBoundsException" message="Index 8 out of bounds for length 8">
      <![CDATA[java.lang.IndexOutOfBoundsException: Index 8 out of bounds for length 8
at java.base/jdk.internal.util.Preconditions.outOfBounds(Preconditions.java:64)
at java.base/jdk.internal.util.Preconditions.outOfBoundsCheckIndex(Preconditions.java:70)
at java.base/jdk.internal.util.Preconditions.checkIndex(Preconditions.java:266)
at java.base/java.util.Objects.checkIndex(Objects.java:359)
at java.base/java.util.ArrayList.get(ArrayList.java:427)
at java.base/jdk.internal.reflect.NativeMethodAccessorImpl.invoke0(Native Method)
at java.base/jdk.internal.reflect.NativeMethodAccessorImpl.invoke(NativeMethodAccessorImpl.java:77)
at java.base/jdk.internal.reflect.DelegatingMethodAccessorImpl.invoke(DelegatingMethodAccessorImpl.java:43)
at java.base/java.lang.reflect.Method.invoke(Method.java:568)
at org.openqa.selenium.support.pagefactory.internal.LocatingElementListHandler.invoke(LocatingElementListHandler.java:39)
at jdk.proxy2/jdk.proxy2.$Proxy19.get(Unknown Source)
at FBPages.FBCareerPage.Count(FBCareerPage.java:55)
at Testcases.FBCareerTestcases.CountTotalHeaderLinks(FBCareerTestcases.java:29)
at java.base/jdk.internal.reflect.NativeMethodAccessorImpl.invoke0(Native Method)
at java.base/jdk.internal.reflect.NativeMethodAccessorImpl.invoke(NativeMethodAccessorImpl.java:77)
at java.base/jdk.internal.reflect.DelegatingMethodAccessorImpl.invoke(DelegatingMethodAccessorImpl.java:43)
at java.base/java.lang.reflect.Method.invoke(Method.java:568)
at org.testng.internal.MethodInvocationHelper.invokeMethod(MethodInvocationHelper.java:133)
at org.testng.internal.TestInvoker.invokeMethod(TestInvoker.java:584)
at org.testng.internal.TestInvoker.invokeTestMethod(TestInvoker.java:172)
at org.testng.internal.MethodRunner.runInSequence(MethodRunner.java:46)
at org.testng.internal.TestInvoker$MethodInvocationAgent.invoke(TestInvoker.java:804)
at org.testng.internal.TestInvoker.invokeTestMethods(TestInvoker.java:145)
at org.testng.internal.TestMethodWorker.invokeTestMethods(TestMethodWorker.java:146)
at org.testng.internal.TestMethodWorker.run(TestMethodWorker.java:128)
at java.base/java.util.ArrayList.forEach(ArrayList.java:1511)
at org.testng.TestRunner.privateRun(TestRunner.java:770)
at org.testng.TestRunner.run(TestRunner.java:591)
at org.testng.SuiteRunner.runTest(SuiteRunner.java:402)
at org.testng.SuiteRunner.runSequentially(SuiteRunner.java:396)
at org.testng.SuiteRunner.privateRun(SuiteRunner.java:355)
at org.testng.SuiteRunner.run(SuiteRunner.java:304)
at org.testng.SuiteRunnerWorker.runSuite(SuiteRunnerWorker.java:53)
at org.testng.SuiteRunnerWorker.run(SuiteRunnerWorker.java:96)
at org.testng.TestNG.runSuitesSequentially(TestNG.java:1180)
at org.testng.TestNG.runSuitesLocally(TestNG.java:1102)
at org.testng.TestNG.runSuites(TestNG.java:1032)
at org.testng.TestNG.run(TestNG.java:1000)
at org.testng.remote.AbstractRemoteTestNG.run(AbstractRemoteTestNG.java:115)
at org.testng.remote.RemoteTestNG.initAndRun(RemoteTestNG.java:251)
at org.testng.remote.RemoteTestNG.main(RemoteTestNG.java:77)
]]>
    </failure>
  </testcase> <!-- CountTotalHeaderLinks -->
  <testcase classname="Base.ChromeBrowser" name="Title" time="0.0">
    <ignored/>
  </testcase> <!-- Title -->
  <testcase classname="Testcases.FBCareerTestcases" name="FindJobOnCareerPage" time="0.0">
    <ignored/>
  </testcase> <!-- FindJobOnCareerPage -->
  <testcase classname="Testcases.FBLoginOrSignupTestcase" name="CountTheAllLanguage" time="0.0">
    <ignored/>
  </testcase> <!-- CountTheAllLanguage -->
  <testcase classname="Testcases.FBLoginOrSignupTestcase" name="CountFooterLinks" time="0.0">
    <ignored/>
  </testcase> <!-- CountFooterLinks -->
</testsuite> <!-- Default test -->
